Flow report for uart_transmitter
Wed Dec 15 20:02:54 2021
Quartus II Version 8.1 Build 163 10/28/2008 SJ Full Version


---------------------
; Table of Contents ;
---------------------
  1. Legal Notice
  2. Flow Summary
  3. Flow Settings
  4. Flow Non-Default Global Settings
  5. Flow Elapsed Time
  6. Flow OS Summary
  7. Flow Log



----------------
; Legal Notice ;
----------------
Copyright (C) 1991-2008 Altera Corporation
Your use of Altera Corporation's design tools, logic functions 
and other software and tools, and its AMPP partner logic 
functions, and any output files from any of the foregoing 
(including device programming or simulation files), and any 
associated documentation or information are expressly subject 
to the terms and conditions of the Altera Program License 
Subscription Agreement, Altera MegaCore Function License 
Agreement, or other applicable license agreement, including, 
without limitation, that your use is for the sole purpose of 
programming logic devices manufactured by Altera and sold by 
Altera or its authorized distributors.  Please refer to the 
applicable agreement for further details.



+-------------------------------------------------------------------------------+
; Flow Summary                                                                  ;
+------------------------------------+------------------------------------------+
; Flow Status                        ; Successful - Wed Dec 15 20:02:54 2021    ;
; Quartus II Version                 ; 8.1 Build 163 10/28/2008 SJ Full Version ;
; Revision Name                      ; uart_transmitter                         ;
; Top-level Entity Name              ; uart_transmitter                         ;
; Family                             ; Cyclone II                               ;
; Device                             ; EP2C20F484C7                             ;
; Timing Models                      ; Final                                    ;
; Met timing requirements            ; Yes                                      ;
; Total logic elements               ; 43 / 18,752 ( < 1 % )                    ;
;     Total combinational functions  ; 39 / 18,752 ( < 1 % )                    ;
;     Dedicated logic registers      ; 28 / 18,752 ( < 1 % )                    ;
; Total registers                    ; 28                                       ;
; Total pins                         ; 15 / 315 ( 5 % )                         ;
; Total virtual pins                 ; 0                                        ;
; Total memory bits                  ; 0 / 239,616 ( 0 % )                      ;
; Embedded Multiplier 9-bit elements ; 0 / 52 ( 0 % )                           ;
; Total PLLs                         ; 1 / 4 ( 25 % )                           ;
+------------------------------------+------------------------------------------+


+-----------------------------------------+
; Flow Settings                           ;
+-------------------+---------------------+
; Option            ; Setting             ;
+-------------------+---------------------+
; Start date & time ; 12/15/2021 20:02:48 ;
; Main task         ; Compilation         ;
; Revision Name     ; uart_transmitter    ;
+-------------------+---------------------+


+--------------------------------------------------------------------------------------------------------------------+
; Flow Non-Default Global Settings                                                                                   ;
+------------------------------------+--------------------------------+---------------+-------------+----------------+
; Assignment Name                    ; Value                          ; Default Value ; Entity Name ; Section Id     ;
+------------------------------------+--------------------------------+---------------+-------------+----------------+
; COMPILER_SIGNATURE_ID              ; 10995770589202.163957336807512 ; --            ; --          ; --             ;
; IP_TOOL_NAME                       ; ALTPLL                         ; --            ; --          ; --             ;
; IP_TOOL_VERSION                    ; 8.1                            ; --            ; --          ; --             ;
; MAX_CORE_JUNCTION_TEMP             ; 85                             ; --            ; --          ; --             ;
; MIN_CORE_JUNCTION_TEMP             ; 0                              ; --            ; --          ; --             ;
; MISC_FILE                          ; Main_PLL.bsf                   ; --            ; --          ; --             ;
; MISC_FILE                          ; Main_PLL.cmp                   ; --            ; --          ; --             ;
; MISC_FILE                          ; Main_PLL.ppf                   ; --            ; --          ; --             ;
; PARTITION_COLOR                    ; 16764057                       ; --            ; --          ; Top            ;
; PARTITION_NETLIST_TYPE             ; SOURCE                         ; --            ; --          ; Top            ;
; SEARCH_PATH                        ; lib/                           ; --            ; --          ; --             ;
; USE_GENERATED_PHYSICAL_CONSTRAINTS ; Off                            ; --            ; --          ; eda_blast_fpga ;
+------------------------------------+--------------------------------+---------------+-------------+----------------+


+-----------------------------------------------------------------------------------------------------------------------------+
; Flow Elapsed Time                                                                                                           ;
+-------------------------+--------------+-------------------------+---------------------+------------------------------------+
; Module Name             ; Elapsed Time ; Average Processors Used ; Peak Virtual Memory ; Total CPU Time (on all processors) ;
+-------------------------+--------------+-------------------------+---------------------+------------------------------------+
; Analysis & Synthesis    ; 00:00:01     ; 1.0                     ; 256 MB              ; 00:00:01                           ;
; Fitter                  ; 00:00:01     ; 1.0                     ; 299 MB              ; 00:00:02                           ;
; Assembler               ; 00:00:01     ; 1.0                     ; 238 MB              ; 00:00:01                           ;
; Classic Timing Analyzer ; 00:00:00     ; 1.0                     ; 188 MB              ; 00:00:00                           ;
; Total                   ; 00:00:03     ; --                      ; --                  ; 00:00:04                           ;
+-------------------------+--------------+-------------------------+---------------------+------------------------------------+


+------------------------------------------------------------------------------------------+
; Flow OS Summary                                                                          ;
+-------------------------+------------------+---------------+------------+----------------+
; Module Name             ; Machine Hostname ; OS Name       ; OS Version ; Processor type ;
+-------------------------+------------------+---------------+------------+----------------+
; Analysis & Synthesis    ; Mosey-PC         ; Windows Vista ; 6.2        ; x86_64         ;
; Fitter                  ; Mosey-PC         ; Windows Vista ; 6.2        ; x86_64         ;
; Assembler               ; Mosey-PC         ; Windows Vista ; 6.2        ; x86_64         ;
; Classic Timing Analyzer ; Mosey-PC         ; Windows Vista ; 6.2        ; x86_64         ;
+-------------------------+------------------+---------------+------------+----------------+


------------
; Flow Log ;
------------
quartus_map --read_settings_files=on --write_settings_files=off uart_transmitter -c uart_transmitter
quartus_fit --read_settings_files=off --write_settings_files=off uart_transmitter -c uart_transmitter
quartus_asm --read_settings_files=off --write_settings_files=off uart_transmitter -c uart_transmitter
quartus_tan --read_settings_files=off --write_settings_files=off uart_transmitter -c uart_transmitter --timing_analysis_only



